This is pdfTeXk, Version 3.141592-1.40.3 (Web2C 7.5.6) (format=pdflatex 2011.2.22)  23 FEB 2011 16:32
entering extended mode
 %&-line parsing enabled.
**hard_errors.tex
(./hard_errors.tex
LaTeX2e <2005/12/01>
Babel <v3.8h> and hyphenation patterns for english, usenglishmax, dumylang, noh
yphenation, ukrainian, russian, bulgarian, loaded.
(/usr/share/texmf/tex/latex/beamer/base/beamer.cls
(/usr/share/texmf/tex/latex/beamer/base/beamerbasercs.sty
Package: beamerbasercs 2007/01/28 (rcs-revision 1.4)
)
Document Class: beamer 2007/03/11 cvs version 3.07 A class for typesetting pres
entations (rcs-revision 1.70)
(/usr/share/texmf/tex/latex/beamer/base/beamerbasemodes.sty
Package: beamerbasemodes 2007/01/28 (rcs-revision 1.22)
\beamer@tempbox=\box26
\beamer@tempcount=\count79
\c@beamerpauses=\count80

(/usr/share/texmf/tex/latex/beamer/base/beamerbasedecode.sty
Package: beamerbasedecode 2007/01/28 (rcs-revision 1.20)
\beamer@slideinframe=\count81
\beamer@minimum=\count82
)
\beamer@commentbox=\box27
\beamer@modecount=\count83
)
\headheight=\dimen102
\headdp=\dimen103
\footheight=\dimen104
\sidebarheight=\dimen105
\beamer@tempdim=\dimen106
\beamer@finalheight=\dimen107
\beamer@animht=\dimen108
\beamer@animdp=\dimen109
\beamer@animwd=\dimen110
\beamer@leftmargin=\dimen111
\beamer@rightmargin=\dimen112
\beamer@leftsidebar=\dimen113
\beamer@rightsidebar=\dimen114
\beamer@boxsize=\dimen115
\beamer@vboxoffset=\dimen116
\beamer@descdefault=\dimen117
\beamer@descriptionwidth=\dimen118
\beamer@lastskip=\skip41
\beamer@areabox=\box28
\beamer@animcurrent=\box29
\beamer@animshowbox=\box30
\beamer@sectionbox=\box31
\beamer@logobox=\box32
\beamer@linebox=\box33
\beamer@sectioncount=\count84
\beamer@subsubsectionmax=\count85
\beamer@subsectionmax=\count86
\beamer@sectionmax=\count87
\beamer@totalheads=\count88
\beamer@headcounter=\count89
\beamer@partstartpage=\count90
\beamer@sectionstartpage=\count91
\beamer@subsectionstartpage=\count92
\beamer@animationtempa=\count93
\beamer@animationtempb=\count94
\beamer@xpos=\count95
\beamer@ypos=\count96
\beamer@showpartnumber=\count97
\beamer@currentsubsection=\count98
\beamer@coveringdepth=\count99
\beamer@sectionadjust=\count100
\beamer@tocsectionnumber=\count101

(/usr/share/texmf/tex/latex/beamer/base/beamerbaseoptions.sty
Package: beamerbaseoptions 2007/01/28 (rcs-revision 1.8)

(/usr/share/texmf-texlive/tex/latex/graphics/keyval.sty
Package: keyval 1999/03/16 v1.13 key=value parser (DPC)
\KV@toks@=\toks14
))
(/usr/share/texmf/tex/latex/pgf/basiclayer/pgfcore.sty
(/usr/share/texmf-texlive/tex/latex/graphics/graphicx.sty
Package: graphicx 1999/02/16 v1.0f Enhanced LaTeX Graphics (DPC,SPQR)

(/usr/share/texmf-texlive/tex/latex/graphics/graphics.sty
Package: graphics 2006/02/20 v1.0o Standard LaTeX Graphics (DPC,SPQR)

(/usr/share/texmf-texlive/tex/latex/graphics/trig.sty
Package: trig 1999/03/16 v1.09 sin cos tan (DPC)
)
(/etc/texmf/tex/latex/config/graphics.cfg
File: graphics.cfg 2007/01/18 v1.5 graphics configuration of teTeX/TeXLive
)
Package graphics Info: Driver file: pdftex.def on input line 90.

(/usr/share/texmf-texlive/tex/latex/pdftex-def/pdftex.def
File: pdftex.def 2007/01/08 v0.04d Graphics/color for pdfTeX
\Gread@gobject=\count102
))
\Gin@req@height=\dimen119
\Gin@req@width=\dimen120
)
(/usr/share/texmf/tex/latex/pgf/systemlayer/pgfsys.sty
(/usr/share/texmf/tex/latex/pgf/utilities/pgfrcs.sty
(/usr/share/texmf/tex/generic/pgf/utilities/pgfutil-common.tex
\pgfutil@everybye=\toks15
)
(/usr/share/texmf/tex/generic/pgf/utilities/pgfutil-latex.def)
(/usr/share/texmf/tex/generic/pgf/utilities/pgfrcs.code.tex
Package: pgfrcs 2008/02/20 v2.00 (rcs-revision 1.21)
))
(/usr/share/texmf/tex/generic/pgf/systemlayer/pgfsys.code.tex
Package: pgfsys 2008/02/07 v2.00 (rcs-revision 1.31)

(/usr/share/texmf/tex/generic/pgf/utilities/pgfkeys.code.tex
\pgfkeys@pathtoks=\toks16
\pgfkeys@temptoks=\toks17
)
\pgf@x=\dimen121
\pgf@y=\dimen122
\pgf@xa=\dimen123
\pgf@ya=\dimen124
\pgf@xb=\dimen125
\pgf@yb=\dimen126
\pgf@xc=\dimen127
\pgf@yc=\dimen128
\c@pgf@counta=\count103
\c@pgf@countb=\count104
\c@pgf@countc=\count105
\c@pgf@countd=\count106

(/usr/share/texmf/tex/generic/pgf/systemlayer/pgf.cfg
File: pgf.cfg 2008/01/13  (rcs-revision 1.6)
)
Package pgfsys Info: Driver file for pgf: pgfsys-pdftex.def on input line 885.

(/usr/share/texmf/tex/generic/pgf/systemlayer/pgfsys-pdftex.def
File: pgfsys-pdftex.def 2007/12/20  (rcs-revision 1.20)

(/usr/share/texmf/tex/generic/pgf/systemlayer/pgfsys-common-pdf.def
File: pgfsys-common-pdf.def 2007/12/17  (rcs-revision 1.8)
)))
(/usr/share/texmf/tex/generic/pgf/systemlayer/pgfsyssoftpath.code.tex
File: pgfsyssoftpath.code.tex 2008/01/23  (rcs-revision 1.6)
\pgfsyssoftpath@smallbuffer@items=\count107
\pgfsyssoftpath@bigbuffer@items=\count108
)
(/usr/share/texmf/tex/generic/pgf/systemlayer/pgfsysprotocol.code.tex
File: pgfsysprotocol.code.tex 2006/10/16  (rcs-revision 1.4)
))
(/usr/share/texmf/tex/latex/xcolor/xcolor.sty
Package: xcolor 2007/01/21 v2.11 LaTeX color extensions (UK)

(/etc/texmf/tex/latex/config/color.cfg
File: color.cfg 2007/01/18 v1.5 color configuration of teTeX/TeXLive
)
Package xcolor Info: Driver file: pdftex.def on input line 225.

(/usr/share/texmf-texlive/tex/latex/colortbl/colortbl.sty
Package: colortbl 2001/02/13 v0.1j Color table columns (DPC)

(/usr/share/texmf-texlive/tex/latex/tools/array.sty
Package: array 2005/08/23 v2.4b Tabular extension package (FMi)
\col@sep=\dimen129
\extrarowheight=\dimen130
\NC@list=\toks18
\extratabsurround=\skip42
\backup@length=\skip43
)
\everycr=\toks19
\minrowclearance=\skip44
)
\rownum=\count109
Package xcolor Info: Model `cmy' substituted by `cmy0' on input line 1337.
Package xcolor Info: Model `hsb' substituted by `rgb' on input line 1341.
Package xcolor Info: Model `RGB' extended on input line 1353.
Package xcolor Info: Model `HTML' substituted by `rgb' on input line 1355.
Package xcolor Info: Model `Hsb' substituted by `hsb' on input line 1356.
Package xcolor Info: Model `tHsb' substituted by `hsb' on input line 1357.
Package xcolor Info: Model `HSB' substituted by `hsb' on input line 1358.
Package xcolor Info: Model `Gray' substituted by `gray' on input line 1359.
Package xcolor Info: Model `wave' substituted by `hsb' on input line 1360.

(/usr/share/texmf-texlive/tex/latex/graphics/dvipsnam.def
File: dvipsnam.def 1999/02/16 v3.0i Driver-dependant file (DPC,SPQR)
)
(/usr/share/texmf/tex/latex/xcolor/svgnam.def
File: svgnam.def 2007/01/21 v2.11 Predefined colors according to SVG 1.1 (UK)
)
(/usr/share/texmf/tex/latex/xcolor/x11nam.def
File: x11nam.def 2007/01/21 v2.11 Predefined colors according to Unix/X11 (UK)
))
(/usr/share/texmf/tex/generic/pgf/basiclayer/pgfcore.code.tex
Package: pgfcore 2008/01/15 v2.00 (rcs-revision 1.6)

(/usr/share/texmf/tex/generic/pgf/math/pgfmath.code.tex
(/usr/share/texmf/tex/generic/pgf/math/pgfmathcalc.code.tex
(/usr/share/texmf/tex/generic/pgf/math/pgfmathutil.code.tex
\pgfmath@box=\box34
)
(/usr/share/texmf/tex/generic/pgf/math/pgfmathparser.code.tex
\pgfmath@stack=\toks20
\c@pgfmath@parsecounta=\count110
\c@pgfmath@parsecountb=\count111
\c@pgfmath@parsecountc=\count112
\pgfmath@parsex=\dimen131
)
(/usr/share/texmf/tex/generic/pgf/math/pgfmathoperations.code.tex
(/usr/share/texmf/tex/generic/pgf/math/pgfmathtrig.code.tex)
(/usr/share/texmf/tex/generic/pgf/math/pgfmathrnd.code.tex))
(/usr/share/texmf/tex/generic/pgf/math/pgfmathbase.code.tex)))
(/usr/share/texmf/tex/generic/pgf/basiclayer/pgfcorepoints.code.tex
File: pgfcorepoints.code.tex 2008/02/03  (rcs-revision 1.13)
\pgf@picminx=\dimen132
\pgf@picmaxx=\dimen133
\pgf@picminy=\dimen134
\pgf@picmaxy=\dimen135
\pgf@pathminx=\dimen136
\pgf@pathmaxx=\dimen137
\pgf@pathminy=\dimen138
\pgf@pathmaxy=\dimen139
\pgf@xx=\dimen140
\pgf@xy=\dimen141
\pgf@yx=\dimen142
\pgf@yy=\dimen143
\pgf@zx=\dimen144
\pgf@zy=\dimen145
)
(/usr/share/texmf/tex/generic/pgf/basiclayer/pgfcorepathconstruct.code.tex
File: pgfcorepathconstruct.code.tex 2008/02/13  (rcs-revision 1.14)
\pgf@path@lastx=\dimen146
\pgf@path@lasty=\dimen147
)
(/usr/share/texmf/tex/generic/pgf/basiclayer/pgfcorepathusage.code.tex
File: pgfcorepathusage.code.tex 2008/01/23  (rcs-revision 1.11)
\pgf@shorten@end@additional=\dimen148
\pgf@shorten@start@additional=\dimen149
)
(/usr/share/texmf/tex/generic/pgf/basiclayer/pgfcorescopes.code.tex
File: pgfcorescopes.code.tex 2008/01/15  (rcs-revision 1.26)
\pgfpic=\box35
\pgf@hbox=\box36
\pgf@layerbox@main=\box37
\pgf@picture@serial@count=\count113
)
(/usr/share/texmf/tex/generic/pgf/basiclayer/pgfcoregraphicstate.code.tex
File: pgfcoregraphicstate.code.tex 2007/12/12  (rcs-revision 1.8)
\pgflinewidth=\dimen150
)
(/usr/share/texmf/tex/generic/pgf/basiclayer/pgfcoretransformations.code.tex
File: pgfcoretransformations.code.tex 2008/02/04  (rcs-revision 1.10)
\pgf@pt@x=\dimen151
\pgf@pt@y=\dimen152
\pgf@pt@temp=\dimen153
)
(/usr/share/texmf/tex/generic/pgf/basiclayer/pgfcorequick.code.tex
File: pgfcorequick.code.tex 2006/10/11  (rcs-revision 1.2)
)
(/usr/share/texmf/tex/generic/pgf/basiclayer/pgfcoreobjects.code.tex
File: pgfcoreobjects.code.tex 2006/10/11  (rcs-revision 1.2)
)
(/usr/share/texmf/tex/generic/pgf/basiclayer/pgfcorepathprocessing.code.tex
File: pgfcorepathprocessing.code.tex 2008/01/23  (rcs-revision 1.7)
)
(/usr/share/texmf/tex/generic/pgf/basiclayer/pgfcorearrows.code.tex
File: pgfcorearrows.code.tex 2007/06/07  (rcs-revision 1.8)
)
(/usr/share/texmf/tex/generic/pgf/basiclayer/pgfcoreshade.code.tex
File: pgfcoreshade.code.tex 2007/12/10  (rcs-revision 1.9)
\pgf@max=\dimen154
\pgf@sys@shading@range@num=\count114
)
(/usr/share/texmf/tex/generic/pgf/basiclayer/pgfcoreimage.code.tex
File: pgfcoreimage.code.tex 2008/01/15  (rcs-revision 1.1)
\pgfexternal@startupbox=\box38
)
(/usr/share/texmf/tex/generic/pgf/basiclayer/pgfcorelayers.code.tex
File: pgfcorelayers.code.tex 2008/01/15  (rcs-revision 1.1)
)
(/usr/share/texmf/tex/generic/pgf/basiclayer/pgfcoretransparency.code.tex
File: pgfcoretransparency.code.tex 2008/01/17  (rcs-revision 1.2)
)
(/usr/share/texmf/tex/generic/pgf/basiclayer/pgfcorepatterns.code.tex
File: pgfcorepatterns.code.tex 2008/01/15  (rcs-revision 1.1)
)))
(/usr/share/texmf/tex/latex/pgf/basiclayer/pgfbaseimage.sty

Package pgf Warning: This package is obsolete and no longer needed on input lin
e 13.

) (/usr/share/texmf/tex/latex/pgf/utilities/xxcolor.sty
Package: xxcolor 2003/10/24 ver 0.1
\XC@nummixins=\count115
\XC@countmixins=\count116
)
(/usr/share/texmf-texlive/tex/latex/amsfonts/amssymb.sty
Package: amssymb 2002/01/22 v2.2d

(/usr/share/texmf-texlive/tex/latex/amsfonts/amsfonts.sty
Package: amsfonts 2001/10/25 v2.2f
\@emptytoks=\toks21
\symAMSa=\mathgroup4
\symAMSb=\mathgroup5
LaTeX Font Info:    Overwriting math alphabet `\mathfrak' in version `bold'
(Font)                  U/euf/m/n --> U/euf/b/n on input line 132.
))
(/usr/share/texmf-texlive/tex/latex/geometry/geometry.sty
Package: geometry 2002/07/08 v3.2 Page Geometry
\Gm@cnth=\count117
\Gm@cntv=\count118
\c@Gm@tempcnt=\count119
\Gm@bindingoffset=\dimen155
\Gm@wd@mp=\dimen156
\Gm@odd@mp=\dimen157
\Gm@even@mp=\dimen158
\Gm@dimlist=\toks22

(/usr/share/texmf-texlive/tex/xelatex/xetexconfig/geometry.cfg))
(/usr/share/texmf-texlive/tex/latex/hyperref/hyperref.sty
Package: hyperref 2007/02/07 v6.75r Hypertext links for LaTeX
\@linkdim=\dimen159
\Hy@linkcounter=\count120
\Hy@pagecounter=\count121

(/usr/share/texmf-texlive/tex/latex/hyperref/pd1enc.def
File: pd1enc.def 2007/02/07 v6.75r Hyperref: PDFDocEncoding definition (HO)
)
(/etc/texmf/tex/latex/config/hyperref.cfg
File: hyperref.cfg 2002/06/06 v1.2 hyperref configuration of TeXLive
)
(/usr/share/texmf-texlive/tex/latex/oberdiek/kvoptions.sty
Package: kvoptions 2006/08/22 v2.4 Connects package keyval with LaTeX options (
HO)
)
Package hyperref Info: Option `bookmarks' set `true' on input line 2238.
Package hyperref Info: Option `bookmarksopen' set `true' on input line 2238.
Package hyperref Info: Option `implicit' set `false' on input line 2238.
Package hyperref Info: Hyper figures OFF on input line 2288.
Package hyperref Info: Link nesting OFF on input line 2293.
Package hyperref Info: Hyper index ON on input line 2296.
Package hyperref Info: Plain pages OFF on input line 2303.
Package hyperref Info: Backreferencing OFF on input line 2308.

Implicit mode OFF; no redefinition of LaTeX internals
Package hyperref Info: Bookmarks ON on input line 2444.
(/usr/share/texmf-texlive/tex/latex/ltxmisc/url.sty
\Urlmuskip=\muskip10
Package: url 2005/06/27  ver 3.2  Verb mode for urls, etc.
)
LaTeX Info: Redefining \url on input line 2599.
\Fld@menulength=\count122
\Field@Width=\dimen160
\Fld@charsize=\dimen161
\Choice@toks=\toks23
\Field@toks=\toks24
Package hyperref Info: Hyper figures OFF on input line 3102.
Package hyperref Info: Link nesting OFF on input line 3107.
Package hyperref Info: Hyper index ON on input line 3110.
Package hyperref Info: backreferencing OFF on input line 3117.
Package hyperref Info: Link coloring OFF on input line 3122.


Package hyperref Warning: Option `pdfpagelabels' is turned off
(hyperref)                because \thepage is undefined.

Hyperref stopped early
)
*hyperref using default driver hpdftex*
(/usr/share/texmf-texlive/tex/latex/hyperref/hpdftex.def
File: hpdftex.def 2007/02/07 v6.75r Hyperref driver for pdfTeX
\Fld@listcount=\count123
)
(/usr/share/texmf-texlive/tex/latex/base/size11.clo
File: size11.clo 2005/09/16 v1.4f Standard LaTeX file (size option)
)
(/usr/share/texmf/tex/latex/beamer/base/beamerbasecompatibility.sty
Package: beamerbasecompatibility 2007/01/28  (rcs-revision 1.63)
)
(/usr/share/texmf/tex/latex/beamer/base/beamerbasefont.sty
Package: beamerbasefont 2007/01/28  (rcs-revision 1.16)
)
(/usr/share/texmf/tex/latex/beamer/base/beamerbasemisc.sty
Package: beamerbasemisc 2007/01/28  (rcs-revision 1.24)
)
(/usr/share/texmf/tex/latex/beamer/base/beamerbasetwoscreens.sty
Package: beamerbasetwoscreens 2007/01/28  (rcs-revision 1.7)
)
(/usr/share/texmf/tex/latex/beamer/base/beamerbaseoverlay.sty
Package: beamerbaseoverlay 2007/01/28  (rcs-revision 1.50)
\beamer@argscount=\count124
\beamer@lastskipcover=\skip45
\beamer@trivlistdepth=\count125
)
(/usr/share/texmf/tex/latex/beamer/base/beamerbasetitle.sty
Package: beamerbasetitle 2007/01/28  (rcs-revision 1.25)
)
(/usr/share/texmf/tex/latex/beamer/base/beamerbasesection.sty
Package: beamerbasesection 2007/01/28  (rcs-revision 1.21)
\c@lecture=\count126
\c@part=\count127
\c@section=\count128
\c@subsection=\count129
\c@subsubsection=\count130
)
(/usr/share/texmf/tex/latex/beamer/base/beamerbaseframe.sty
Package: beamerbaseframe 2007/01/28  (rcs-revision 1.60)
\beamer@framebox=\box39
\beamer@frametitlebox=\box40
\beamer@zoombox=\box41
\beamer@zoomcount=\count131
\beamer@zoomframecount=\count132
\beamer@frametextheight=\dimen162
\c@subsectionslide=\count133
\beamer@frametopskip=\skip46
\beamer@framebottomskip=\skip47
\beamer@frametopskipautobreak=\skip48
\beamer@framebottomskipautobreak=\skip49
\beamer@envbody=\toks25
\c@framenumber=\count134
)
(/usr/share/texmf/tex/latex/beamer/base/beamerbaseverbatim.sty
Package: beamerbaseverbatim 2007/01/28  (rcs-revision 1.8)
\beamer@verbatimfileout=\write3
)
(/usr/share/texmf/tex/latex/beamer/base/beamerbaseframesize.sty
Package: beamerbaseframesize 2007/01/28  (rcs-revision 1.18)
\beamer@splitbox=\box42
\beamer@autobreakcount=\count135
\beamer@autobreaklastheight=\dimen163
\beamer@frametitletoks=\toks26
\beamer@framesubtitletoks=\toks27
)
(/usr/share/texmf/tex/latex/beamer/base/beamerbaseframecomponents.sty
Package: beamerbaseframecomponents 2007/01/28  (rcs-revision 1.41)
\beamer@footins=\box43
)
(/usr/share/texmf/tex/latex/beamer/base/beamerbasecolor.sty
Package: beamerbasecolor 2007/01/28  (rcs-revision 1.42)
)
(/usr/share/texmf/tex/latex/beamer/base/beamerbasenotes.sty
Package: beamerbasenotes 2007/01/28  (rcs-revision 1.23)
\beamer@frameboxcopy=\box44
)
(/usr/share/texmf/tex/latex/beamer/base/beamerbasetoc.sty
Package: beamerbasetoc 2007/01/28  (rcs-revision 1.21)
)
(/usr/share/texmf/tex/latex/beamer/base/beamerbasetemplates.sty
Package: beamerbasetemplates 2007/01/28  (rcs-revision 1.51)
\beamer@sbttoks=\toks28

(/usr/share/texmf/tex/latex/beamer/base/beamerbaseauxtemplates.sty
Package: beamerbaseauxtemplates 2007/01/28  (rcs-revision 1.28)

(/usr/share/texmf/tex/latex/beamer/base/beamerbaseboxes.sty
Package: beamerbaseboxes 2007/03/11  (rcs-revision 1.32)
\bmb@box=\box45
\bmb@colorbox=\box46
\bmb@boxshadow=\box47
\bmb@boxshadowball=\box48
\bmb@boxshadowballlarge=\box49
\bmb@temp=\dimen164
\bmb@dima=\dimen165
\bmb@dimb=\dimen166
\bmb@prevheight=\dimen167
)
\beamer@blockheadheight=\dimen168
))
(/usr/share/texmf/tex/latex/beamer/base/beamerbaselocalstructure.sty
Package: beamerbaselocalstructure 2007/01/28  (rcs-revision 1.53)

(/usr/share/texmf-texlive/tex/latex/tools/enumerate.sty
Package: enumerate 1999/03/05 v3.00 enumerate extensions (DPC)
\@enLab=\toks29
)
\c@figure=\count136
\c@table=\count137
\abovecaptionskip=\skip50
\belowcaptionskip=\skip51
)
(/usr/share/texmf/tex/latex/beamer/base/beamerbasenavigation.sty
Package: beamerbasenavigation 2007/01/28  (rcs-revision 1.36)
)
(/usr/share/texmf/tex/latex/beamer/base/beamerbasetheorems.sty
Package: beamerbasetheorems 2007/01/28  (rcs-revision 1.10)

(/usr/share/texmf-texlive/tex/latex/amsmath/amsmath.sty
Package: amsmath 2000/07/18 v2.13 AMS math features
\@mathmargin=\skip52

For additional information on amsmath, use the `?' option.
(/usr/share/texmf-texlive/tex/latex/amsmath/amstext.sty
Package: amstext 2000/06/29 v2.01

(/usr/share/texmf-texlive/tex/latex/amsmath/amsgen.sty
File: amsgen.sty 1999/11/30 v2.0
\@emptytoks=\toks30
\ex@=\dimen169
))
(/usr/share/texmf-texlive/tex/latex/amsmath/amsbsy.sty
Package: amsbsy 1999/11/29 v1.2d
\pmbraise@=\dimen170
)
(/usr/share/texmf-texlive/tex/latex/amsmath/amsopn.sty
Package: amsopn 1999/12/14 v2.01 operator names
)
\inf@bad=\count138
LaTeX Info: Redefining \frac on input line 211.
\uproot@=\count139
\leftroot@=\count140
LaTeX Info: Redefining \overline on input line 307.
\classnum@=\count141
\DOTSCASE@=\count142
LaTeX Info: Redefining \ldots on input line 379.
LaTeX Info: Redefining \dots on input line 382.
LaTeX Info: Redefining \cdots on input line 467.
\Mathstrutbox@=\box50
\strutbox@=\box51
\big@size=\dimen171
LaTeX Font Info:    Redeclaring font encoding OML on input line 567.
LaTeX Font Info:    Redeclaring font encoding OMS on input line 568.
\macc@depth=\count143
\c@MaxMatrixCols=\count144
\dotsspace@=\muskip11
\c@parentequation=\count145
\dspbrk@lvl=\count146
\tag@help=\toks31
\row@=\count147
\column@=\count148
\maxfields@=\count149
\andhelp@=\toks32
\eqnshift@=\dimen172
\alignsep@=\dimen173
\tagshift@=\dimen174
\tagwidth@=\dimen175
\totwidth@=\dimen176
\lineht@=\dimen177
\@envbody=\toks33
\multlinegap=\skip53
\multlinetaggap=\skip54
\mathdisplay@stack=\toks34
LaTeX Info: Redefining \[ on input line 2666.
LaTeX Info: Redefining \] on input line 2667.
)
(/usr/share/texmf-texlive/tex/latex/amscls/amsthm.sty
Package: amsthm 2004/08/06 v2.20
\thm@style=\toks35
\thm@bodyfont=\toks36
\thm@headfont=\toks37
\thm@notefont=\toks38
\thm@headpunct=\toks39
\thm@preskip=\skip55
\thm@postskip=\skip56
\thm@headsep=\skip57
\dth@everypar=\toks40
)
\c@theorem=\count150
)
(/usr/share/texmf/tex/latex/beamer/base/beamerbasethemes.sty
Package: beamerbasethemes 2007/01/28  (rcs-revision 1.10)
)
(/usr/share/texmf/tex/latex/beamer/themes/theme/beamerthemedefault.sty
Package: beamerthemedefault 2007/01/28  (rcs-revision 1.7)

(/usr/share/texmf/tex/latex/beamer/themes/font/beamerfontthemedefault.sty
Package: beamerfontthemedefault 2007/01/28  (rcs-revision 1.13)
)
(/usr/share/texmf/tex/latex/beamer/themes/color/beamercolorthemedefault.sty
Package: beamercolorthemedefault 2007/01/28  (rcs-revision 1.28)
)
(/usr/share/texmf/tex/latex/beamer/themes/inner/beamerinnerthemedefault.sty
Package: beamerinnerthemedefault 2007/01/28  (rcs-revision 1.20)
\beamer@dima=\dimen178
\beamer@dimb=\dimen179
)
(/usr/share/texmf/tex/latex/beamer/themes/outer/beamerouterthemedefault.sty
Package: beamerouterthemedefault 2007/01/28  (rcs-revision 1.14)
)))
(/usr/share/texmf/tex/latex/beamer/themes/theme/beamerthemeWarsaw.sty
Package: beamerthemeWarsaw 2007/01/28  (rcs-revision 1.9)

(/usr/share/texmf/tex/latex/beamer/themes/inner/beamerinnerthemerounded.sty
Package: beamerinnerthemerounded 2007/01/28  (rcs-revision 1.5)
)
(/usr/share/texmf/tex/latex/beamer/themes/outer/beamerouterthemeshadow.sty
Package: beamerouterthemeshadow 2007/01/28  (rcs-revision 1.9)

(/usr/share/texmf/tex/latex/beamer/themes/outer/beamerouterthemesplit.sty
Package: beamerouterthemesplit 2007/01/28  (rcs-revision 1.5)
))
(/usr/share/texmf/tex/latex/beamer/themes/color/beamercolorthemeorchid.sty
Package: beamercolorthemeorchid 2007/01/28  (rcs-revision 1.3)
)
(/usr/share/texmf/tex/latex/beamer/themes/color/beamercolorthemewhale.sty
Package: beamercolorthemewhale 2007/01/28  (rcs-revision 1.4)
))
(/usr/share/texmf-texlive/tex/generic/babel/babel.sty
Package: babel 2005/11/23 v3.8h The Babel package

(/usr/share/texmf-texlive/tex/generic/babel/english.ldf
Language: english 2005/03/30 v3.3o English support from the babel system

(/usr/share/texmf-texlive/tex/generic/babel/babel.def
File: babel.def 2005/11/23 v3.8h Babel common definitions
LaTeX Info: Redefining \textlatin on input line 82.
\babel@savecnt=\count151
\U@D=\dimen180
)
\l@british = a dialect from \language\l@english 
\l@UKenglish = a dialect from \language\l@english 
\l@canadian = a dialect from \language\l@american 
\l@australian = a dialect from \language\l@british 
\l@newzealand = a dialect from \language\l@british 
))
(/usr/share/texmf-texlive/tex/latex/fancybox/fancybox.sty
Package: fancybox 2000/09/19 1.3

Style option: `fancybox' v1.3 <2000/09/19> (tvz)
\@fancybox=\box52
\shadowsize=\dimen181
\@Sbox=\box53
\do@VerbBox=\toks41
\the@fancyput=\toks42
\this@fancyput=\toks43
\EndVerbatimTokens=\toks44
\Verbatim@Outfile=\write4
\Verbatim@Infile=\read1
) (/usr/share/texmf-texlive/tex/latex/base/inputenc.sty
Package: inputenc 2006/05/05 v1.1b Input encoding file
\inpenc@prehook=\toks45
\inpenc@posthook=\toks46

(/usr/share/texmf-texlive/tex/latex/base/latin1.def
File: latin1.def 2006/05/05 v1.1b Input encoding file
))
(/usr/share/texmf-texlive/tex/latex/psnfss/times.sty
Package: times 2005/04/12 PSNFSS-v9.2a (SPQR) 
)
(/usr/share/texmf-texlive/tex/latex/base/fontenc.sty
Package: fontenc 2005/09/27 v1.99g Standard LaTeX package

(/usr/share/texmf-texlive/tex/latex/base/t1enc.def
File: t1enc.def 2005/09/27 v1.99g Standard LaTeX file
LaTeX Font Info:    Redeclaring font encoding T1 on input line 43.
)) (./hard_errors.aux)
\openout1 = `hard_errors.aux'.

LaTeX Font Info:    Checking defaults for OML/cmm/m/it on input line 97.
LaTeX Font Info:    ... okay on input line 97.
LaTeX Font Info:    Checking defaults for T1/cmr/m/n on input line 97.
LaTeX Font Info:    ... okay on input line 97.
LaTeX Font Info:    Checking defaults for OT1/cmr/m/n on input line 97.
LaTeX Font Info:    ... okay on input line 97.
LaTeX Font Info:    Checking defaults for OMS/cmsy/m/n on input line 97.
LaTeX Font Info:    ... okay on input line 97.
LaTeX Font Info:    Checking defaults for OMX/cmex/m/n on input line 97.
LaTeX Font Info:    ... okay on input line 97.
LaTeX Font Info:    Checking defaults for U/cmr/m/n on input line 97.
LaTeX Font Info:    ... okay on input line 97.
LaTeX Font Info:    Checking defaults for PD1/pdf/m/n on input line 97.
LaTeX Font Info:    ... okay on input line 97.
LaTeX Font Info:    Try loading font information for T1+phv on input line 97.

(/usr/share/texmf-texlive/tex/latex/psnfss/t1phv.fd
File: t1phv.fd 2001/06/04 scalable font definitions for T1/phv.
)
(/usr/share/texmf/tex/context/base/supp-pdf.tex
[Loading MPS to PDF converter (version 2006.09.02).]
\scratchcounter=\count152
\scratchdimen=\dimen182
\scratchbox=\box54
\nofMPsegments=\count153
\nofMParguments=\count154
\everyMPshowfont=\toks47
\MPscratchCnt=\count155
\MPscratchDim=\dimen183
\MPnumerator=\count156
\everyMPtoPDFconversion=\toks48
)
-------------------- Geometry parameters
paper: user defined
landscape: --
twocolumn: --
twoside: --
asymmetric: --
h-parts: 28.45274pt, 307.28987pt, 28.45274pt
v-parts: 0.0pt, 273.14662pt, 0.0pt
hmarginratio: --
vmarginratio: --
lines: --
heightrounded: --
bindingoffset: 0.0pt
truedimen: --
includehead: true
includefoot: true
includemp: --
driver: pdftex
-------------------- Page layout dimensions and switches
\paperwidth  364.19536pt
\paperheight 273.14662pt
\textwidth  307.28987pt
\textheight 244.6939pt
\oddsidemargin  -43.81725pt
\evensidemargin -43.81725pt
\topmargin  -72.26999pt
\headheight 14.22636pt
\headsep    0.0pt
\footskip   14.22636pt
\marginparwidth 4.0pt
\marginparsep   10.0pt
\columnsep  10.0pt
\skip\footins  10.0pt plus 4.0pt minus 2.0pt
\hoffset 0.0pt
\voffset 0.0pt
\mag 1000

(1in=72.27pt, 1cm=28.45pt)
-----------------------
Package hyperref Info: Link coloring OFF on input line 97.
 (/usr/share/texmf-texlive/tex/latex/hyperref/nameref.sty
Package: nameref 2006/12/27 v2.28 Cross-referencing by name of section

(/usr/share/texmf-texlive/tex/latex/oberdiek/refcount.sty
Package: refcount 2006/02/20 v3.0 Data extraction from references (HO)
)
\c@section@level=\count157
)
LaTeX Info: Redefining \ref on input line 97.
LaTeX Info: Redefining \pageref on input line 97.
 (./hard_errors.out) (./hard_errors.out)
\@outlinefile=\write5
\openout5 = `hard_errors.out'.

LaTeX Font Info:    Overwriting symbol font `operators' in version `normal'
(Font)                  OT1/cmr/m/n --> OT1/cmss/m/n on input line 97.
LaTeX Font Info:    Overwriting symbol font `operators' in version `bold'
(Font)                  OT1/cmr/bx/n --> OT1/cmss/bx/n on input line 97.
\symnumbers=\mathgroup6
\sympureletters=\mathgroup7
LaTeX Font Info:    Overwriting math alphabet `\mathrm' in version `normal'
(Font)                  OT1/cmss/m/n --> T1/ptm/m/n on input line 97.
LaTeX Font Info:    Redeclaring math alphabet \mathbf on input line 97.
LaTeX Font Info:    Overwriting math alphabet `\mathbf' in version `normal'
(Font)                  OT1/cmr/bx/n --> T1/phv/bx/n on input line 97.
LaTeX Font Info:    Overwriting math alphabet `\mathbf' in version `bold'
(Font)                  OT1/cmr/bx/n --> T1/phv/bx/n on input line 97.
LaTeX Font Info:    Redeclaring math alphabet \mathsf on input line 97.
LaTeX Font Info:    Overwriting math alphabet `\mathsf' in version `normal'
(Font)                  OT1/cmss/m/n --> T1/phv/m/n on input line 97.
LaTeX Font Info:    Overwriting math alphabet `\mathsf' in version `bold'
(Font)                  OT1/cmss/bx/n --> T1/phv/m/n on input line 97.
LaTeX Font Info:    Redeclaring math alphabet \mathit on input line 97.
LaTeX Font Info:    Overwriting math alphabet `\mathit' in version `normal'
(Font)                  OT1/cmr/m/it --> T1/phv/m/it on input line 97.
LaTeX Font Info:    Overwriting math alphabet `\mathit' in version `bold'
(Font)                  OT1/cmr/bx/it --> T1/phv/m/it on input line 97.
LaTeX Font Info:    Redeclaring math alphabet \mathtt on input line 97.
LaTeX Font Info:    Overwriting math alphabet `\mathtt' in version `normal'
(Font)                  OT1/cmtt/m/n --> T1/pcr/m/n on input line 97.
LaTeX Font Info:    Overwriting math alphabet `\mathtt' in version `bold'
(Font)                  OT1/cmtt/m/n --> T1/pcr/m/n on input line 97.
LaTeX Font Info:    Overwriting symbol font `numbers' in version `bold'
(Font)                  T1/phv/m/n --> T1/phv/bx/n on input line 97.
LaTeX Font Info:    Overwriting symbol font `pureletters' in version `bold'
(Font)                  T1/phv/m/it --> T1/phv/bx/it on input line 97.
LaTeX Font Info:    Overwriting math alphabet `\mathrm' in version `bold'
(Font)                  OT1/cmss/bx/n --> T1/ptm/bx/n on input line 97.
LaTeX Font Info:    Overwriting math alphabet `\mathbf' in version `bold'
(Font)                  T1/phv/bx/n --> T1/phv/bx/n on input line 97.
LaTeX Font Info:    Overwriting math alphabet `\mathsf' in version `bold'
(Font)                  T1/phv/m/n --> T1/phv/bx/n on input line 97.
LaTeX Font Info:    Overwriting math alphabet `\mathit' in version `bold'
(Font)                  T1/phv/m/it --> T1/phv/bx/it on input line 97.
LaTeX Font Info:    Overwriting math alphabet `\mathtt' in version `bold'
(Font)                  T1/pcr/m/n --> T1/pcr/bx/n on input line 97.
 (./hard_errors.nav) [1{/var/lib/texmf/fonts/map/pdftex/updmap/pdftex.map}

] (./hard_errors.toc) [2

]
LaTeX Font Info:    Try loading font information for U+msa on input line 138.

(/usr/share/texmf-texlive/tex/latex/amsfonts/umsa.fd
File: umsa.fd 2002/01/19 v2.2g AMS font definitions
)
LaTeX Font Info:    Try loading font information for U+msb on input line 138.

(/usr/share/texmf-texlive/tex/latex/amsfonts/umsb.fd
File: umsb.fd 2002/01/19 v2.2g AMS font definitions
)
LaTeX Font Info:    Font shape `T1/phv/m/it' in size <10.95> not available
(Font)              Font shape `T1/phv/m/sl' tried instead on input line 138.
LaTeX Font Info:    Font shape `T1/phv/m/it' in size <8> not available
(Font)              Font shape `T1/phv/m/sl' tried instead on input line 138.
LaTeX Font Info:    Font shape `T1/phv/m/it' in size <6> not available
(Font)              Font shape `T1/phv/m/sl' tried instead on input line 138.
 [3

]

Class beamer Warning: Frame text is shrunk by a factor of 12.57172 percent inst
ead of 0 percent on input line 152.

[4

]
LaTeX Font Info:    Font shape `T1/phv/bx/n' in size <10.95> not available
(Font)              Font shape `T1/phv/b/n' tried instead on input line 178.
LaTeX Font Info:    Font shape `T1/phv/m/it' in size <10> not available
(Font)              Font shape `T1/phv/m/sl' tried instead on input line 178.
 [5

] [6

] [7

] [8

] [9

] [10

] [11

] (./hard_errors.toc) [12

] [13

]
<electromigration.jpeg, id=491, 301.125pt x 216.81pt>
File: electromigration.jpeg Graphic file (type jpg)

<use electromigration.jpeg> [14

 <./electromigration.jpeg>] [15

]
<mos.png, id=557, 441.65pt x 233.87375pt>
File: mos.png Graphic file (type png)
 <use mos.png>
<dielectric_breakdown.jpg, id=558, 197.7789pt x 117.5592pt>
File: dielectric_breakdown.jpg Graphic file (type jpg)

<use dielectric_breakdown.jpg>
Overfull \vbox (6.36111pt too high) detected at line 275
 []

[16

 <./mos.png (PNG copy)> <./dielectric_breakdown.jpg>] [17

]
<fatigue_cracks.jpg, id=624, 205.9695pt x 248.72925pt>
File: fatigue_cracks.jpg Graphic file (type jpg)

<use fatigue_cracks.jpg> [18

 <./fatigue_cracks.jpg>] [19

] (./hard_errors.toc)
[20

]
Overfull \vbox (3.0983pt too high) detected at line 336
 []

[21

] [22

]

Class beamer Warning: Frame text is shrunk by a factor of 22.9721 percent inste
ad of 0 percent on input line 370.

[23

]

Class beamer Warning: Frame text is shrunk by a factor of 25.46692 percent inst
ead of 0 percent on input line 390.

[24

] [25

] [26

] (./hard_errors.toc) [27

] [28

]
LaTeX Font Info:    Font shape `T1/phv/m/it' in size <7> not available
(Font)              Font shape `T1/phv/m/sl' tried instead on input line 455.
LaTeX Font Info:    Font shape `T1/phv/m/it' in size <5> not available
(Font)              Font shape `T1/phv/m/sl' tried instead on input line 455.
 [29

]
<burger.jpeg, id=1026, 301.125pt x 301.125pt>
File: burger.jpeg Graphic file (type jpg)
 <use burger.jpeg> [30

 <./burger.jpeg>] [31

] <map1.pdf, id=1090, 521.14702pt x 253.748pt>
File: map1.pdf Graphic file (type pdf)
 <use map1.pdf> [32

 <./map1.pdf

pdfTeX warning: /usr/bin/pdflatex (file ./map1.pdf): PDF inclusion: Page Group 
detected which pdfTeX can't handle. Ignoring it.
>] <map2.pdf, id=1136, 546.84299pt x 253.748pt>
File: map2.pdf Graphic file (type pdf)
 <use map2.pdf> [33

 <./map2.pdf

pdfTeX warning: /usr/bin/pdflatex (file ./map2.pdf): PDF inclusion: Page Group 
detected which pdfTeX can't handle. Ignoring it.
>]
File: burger.jpeg Graphic file (type jpg)
 <use burger.jpeg> [34

] <memory.pdf, id=1211, 290.686pt x 344.48701pt>
File: memory.pdf Graphic file (type pdf)

<use memory.pdf>

Class beamer Warning: Frame text is shrunk by a factor of 14.37836 percent inst
ead of 5 percent on input line 559.

[35

 <./memory.pdf

pdfTeX warning: /usr/bin/pdflatex (file ./memory.pdf): PDF inclusion: Page Grou
p detected which pdfTeX can't handle. Ignoring it.
>]
LaTeX Font Info:    Try loading font information for T1+pcr on input line 569.
 (/usr/share/texmf-texlive/tex/latex/psnfss/t1pcr.fd
File: t1pcr.fd 2001/06/04 font definitions for T1/pcr.
)
Underfull \hbox (badness 10000) in paragraph at lines 569--570
[][]$\T1/pcr/m/n/10 http : / / rsim . cs . illinois . edu / ~srinivsn / Pubs /
 []


Underfull \hbox (badness 10000) in paragraph at lines 574--575
[][]$\T1/pcr/m/n/10 http : / / rsim . cs . illinois . edu / ~srinivsn / Pubs /
 []

[36

 </usr/share/texmf/tex/latex/beamer/base/art/beamericonarticle.pdf>]
\tf@nav=\write6
\openout6 = `hard_errors.nav'.

\tf@toc=\write7
\openout7 = `hard_errors.toc'.

\tf@snm=\write8
\openout8 = `hard_errors.snm'.


(./hard_errors.aux) ) 
Here is how much of TeX's memory you used:
 12998 strings out of 94834
 228177 string characters out of 1179181
 323590 words of memory out of 1500000
 15728 multiletter control sequences out of 10000+50000
 53540 words of font info for 74 fonts, out of 1200000 for 2000
 212 hyphenation exceptions out of 8191
 55i,20n,65p,319b,731s stack positions out of 5000i,500n,6000p,200000b,5000s
{/usr/share/texmf-texlive/fonts/enc/dvips/base/8r.enc}</us
r/share/texmf-texlive/fonts/type1/bluesky/cm/cmex10.pfb></usr/share/texmf-texli
ve/fonts/type1/bluesky/cm/cmmi10.pfb></usr/share/texmf-texlive/fonts/type1/blue
sky/cm/cmmi6.pfb></usr/share/texmf-texlive/fonts/type1/bluesky/cm/cmmi8.pfb></u
sr/share/texmf-texlive/fonts/type1/bluesky/cm/cmss10.pfb></usr/share/texmf-texl
ive/fonts/type1/bluesky/cm/cmss8.pfb></usr/share/texmf-texlive/fonts/type1/blue
sky/cm/cmsy10.pfb></usr/share/texmf-texlive/fonts/type1/bluesky/cm/cmsy6.pfb></
usr/share/texmf-texlive/fonts/type1/bluesky/cm/cmsy8.pfb></usr/share/texmf-texl
ive/fonts/type1/urw/courier/ucrr8a.pfb></usr/share/texmf-texlive/fonts/type1/ur
w/helvetic/uhvb8a.pfb></usr/share/texmf-texlive/fonts/type1/urw/helvetic/uhvr8a
.pfb></usr/share/texmf-texlive/fonts/type1/urw/helvetic/uhvro8a.pfb>
Output written on hard_errors.pdf (36 pages, 1322603 bytes).
PDF statistics:
 1353 PDF objects out of 1440 (max. 8388607)
 81 named destinations out of 1000 (max. 131072)
 221 words of extra memory for PDF output out of 10000 (max. 10000000)

