This is pdfTeX, Version 3.1415926-2.4-1.40.13 (TeX Live 2012/Debian) (format=pdflatex 2013.4.5)  15 JUN 2014 20:01
entering extended mode
 restricted \write18 enabled.
 %&-line parsing enabled.
**manual.tex
(./manual.tex
LaTeX2e <2011/06/27>
Babel <v3.8m> and hyphenation patterns for english, dumylang, nohyphenation, lo
aded.
(/usr/share/texlive/texmf-dist/tex/latex/base/article.cls
Document Class: article 2007/10/19 v1.4h Standard LaTeX document class
(/usr/share/texlive/texmf-dist/tex/latex/base/size10.clo
File: size10.clo 2007/10/19 v1.4h Standard LaTeX file (size option)
)
\c@part=\count79
\c@section=\count80
\c@subsection=\count81
\c@subsubsection=\count82
\c@paragraph=\count83
\c@subparagraph=\count84
\c@figure=\count85
\c@table=\count86
\abovecaptionskip=\skip41
\belowcaptionskip=\skip42
\bibindent=\dimen102
)
(/usr/share/texlive/texmf-dist/tex/latex/url/url.sty
\Urlmuskip=\muskip10
Package: url 2006/04/12  ver 3.3  Verb mode for urls, etc.
)

LaTeX Warning: Unused global option(s):
    [margin=0.1in].

(./manual.aux)
\openout1 = `manual.aux'.

LaTeX Font Info:    Checking defaults for OML/cmm/m/it on input line 5.
LaTeX Font Info:    ... okay on input line 5.
LaTeX Font Info:    Checking defaults for T1/cmr/m/n on input line 5.
LaTeX Font Info:    ... okay on input line 5.
LaTeX Font Info:    Checking defaults for OT1/cmr/m/n on input line 5.
LaTeX Font Info:    ... okay on input line 5.
LaTeX Font Info:    Checking defaults for OMS/cmsy/m/n on input line 5.
LaTeX Font Info:    ... okay on input line 5.
LaTeX Font Info:    Checking defaults for OMX/cmex/m/n on input line 5.
LaTeX Font Info:    ... okay on input line 5.
LaTeX Font Info:    Checking defaults for U/cmr/m/n on input line 5.
LaTeX Font Info:    ... okay on input line 5.
LaTeX Font Info:    External font `cmex10' loaded for size
(Font)              <12> on input line 9.
LaTeX Font Info:    External font `cmex10' loaded for size
(Font)              <8> on input line 9.
LaTeX Font Info:    External font `cmex10' loaded for size
(Font)              <6> on input line 9.


LaTeX Warning: No \author given.

LaTeX Font Info:    External font `cmex10' loaded for size
(Font)              <7> on input line 17.
LaTeX Font Info:    External font `cmex10' loaded for size
(Font)              <5> on input line 17.

Overfull \hbox (26.49701pt too wide) in paragraph at lines 17--18
\OT1/cmtt/m/n/10 / / www . cse . iitd . ernet . in / []srsarangi / tejas / home
 _ files / install _ tejas .
 []


Overfull \hbox (10.16634pt too wide) in paragraph at lines 32--35
[]\OT1/cmr/m/n/10 Tejas uses In-tel PIN. Please down-load ver-sion 62732 from $
\OT1/cmtt/m/n/10 http : / / software .
 []


Overfull \hbox (47.41383pt too wide) in paragraph at lines 32--35
\OT1/cmr/m/n/10 cence at $\OT1/cmtt/m/n/10 http : / / software . intel . com / 
sites / landingpage / pintool / extlicense .
 []

LaTeX Font Info:    Try loading font information for OMS+cmr on input line 49.
(/usr/share/texlive/texmf-dist/tex/latex/base/omscmr.fd
File: omscmr.fd 1999/05/25 v2.5h Standard LaTeX font definitions
)
LaTeX Font Info:    Font shape `OMS/cmr/m/n' in size <10> not available
(Font)              Font shape `OMS/cmsy/m/n' tried instead on input line 49.
 [1

{/var/lib/texmf/fonts/map/pdftex/updmap/pdftex.map}]
Overfull \hbox (6.61171pt too wide) in paragraph at lines 72--73
[]\OT1/cmr/m/n/10 Go through File$\OMS/cmsy/m/n/10 !$\OT1/cmr/m/n/10 Import$\OM
S/cmsy/m/n/10 !$\OT1/cmr/m/n/10 General$\OMS/cmsy/m/n/10 !$\OT1/cmr/m/n/10 Exis
ting projects into workspace,
 []


Underfull \hbox (badness 10000) in paragraph at lines 104--115

 []


Underfull \hbox (badness 10000) in paragraph at lines 104--115

 []


Underfull \hbox (badness 10000) in paragraph at lines 104--115

 []

[2]
Overfull \hbox (34.36188pt too wide) in paragraph at lines 125--127
[]\OT1/cmr/m/n/10 Run the com-mand ``hg pull http://www.cse.iitd.ac.in/srishtih
g/hg/distrib/Tejas''.
 []


Overfull \hbox (11.21973pt too wide) in paragraph at lines 129--130
[]\OT1/cmr/m/n/10 See $\OT1/cmtt/m/n/10 http : / / mercurial . selenic . com / 
wiki / Tutorial$ \OT1/cmr/m/n/10 and $\OT1/cmtt/m/n/10 http : / / hgbook .
 []

[3] (./manual.aux) ) 
Here is how much of TeX's memory you used:
 330 strings out of 495059
 3738 string characters out of 3182031
 52106 words of memory out of 3000000
 3577 multiletter control sequences out of 15000+200000
 8151 words of font info for 29 fonts, out of 3000000 for 9000
 14 hyphenation exceptions out of 8191
 23i,6n,19p,350b,269s stack positions out of 5000i,500n,10000p,200000b,50000s
</usr/share/texlive/texmf-dist/fonts/type1/public/amsfonts/
cm/cmbx10.pfb></usr/share/texlive/texmf-dist/fonts/type1/public/amsfonts/cm/cmb
x12.pfb></usr/share/texlive/texmf-dist/fonts/type1/public/amsfonts/cm/cmmi10.pf
b></usr/share/texlive/texmf-dist/fonts/type1/public/amsfonts/cm/cmr10.pfb></usr
/share/texlive/texmf-dist/fonts/type1/public/amsfonts/cm/cmr17.pfb></usr/share/
texlive/texmf-dist/fonts/type1/public/amsfonts/cm/cmsy10.pfb></usr/share/texliv
e/texmf-dist/fonts/type1/public/amsfonts/cm/cmti10.pfb></usr/share/texlive/texm
f-dist/fonts/type1/public/amsfonts/cm/cmti12.pfb></usr/share/texlive/texmf-dist
/fonts/type1/public/amsfonts/cm/cmtt10.pfb>
Output written on manual.pdf (3 pages, 106158 bytes).
PDF statistics:
 50 PDF objects out of 1000 (max. 8388607)
 35 compressed objects within 1 object stream
 0 named destinations out of 1000 (max. 500000)
 1 words of extra memory for PDF output out of 10000 (max. 10000000)

