2024-08-15 19:50:05: -- Analysis Started by User Command
2024-08-15 19:50:05: L: Reading State File D:/public_html/_gsdata_/_file_state_v4._gs
2024-08-15 19:50:05: L: Reading State File D:/public_html/files/advbook and merge it with the root state
2024-08-15 19:50:05: R: Reading State File D:/gitrepo/srsarangi.github.io/_gsdata_/_file_state_v4._gs
2024-08-15 19:50:05: R: State file does not exist: D:/gitrepo/srsarangi.github.io/_gsdata_/_file_state_v4._gs
2024-08-15 19:50:05: /archbooksoft.html: Warning: Older file to replace Newer file
2024-08-15 19:50:05: /archbooksoft.template.html: Warning: Older file to replace Newer file
2024-08-15 19:50:05: /archbooksoft.template.html~: Warning: Older file to replace Newer file
2024-08-15 19:50:05: /articles.html: Warning: Older file to replace Newer file
2024-08-15 19:50:05: /articles.template.html: Warning: Older file to replace Newer file
2024-08-15 19:50:05: /buyitlink.html: Warning: Older file to replace Newer file
2024-08-15 19:50:05: /buyitlink.template.html: Warning: Older file to replace Newer file
2024-08-15 19:50:05: /career_options.html: Warning: Older file to replace Newer file
2024-08-15 19:50:05: /career_options.template.html: Warning: Older file to replace Newer file
2024-08-15 19:50:05: /contact.html: Warning: Older file to replace Newer file
2024-08-15 19:50:05: /contact.template.html: Warning: Older file to replace Newer file
2024-08-15 19:50:05: /contact_research.html: Warning: Older file to replace Newer file
2024-08-15 19:50:05: /default.css: Warning: Older file to replace Newer file
2024-08-15 19:50:05: /disclaimer.html: Warning: Older file to replace Newer file
2024-08-15 19:50:05: /en_US.UTF-8: Warning: Older file to replace Newer file
2024-08-15 19:50:05: /expectations.html: Warning: Older file to replace Newer file
2024-08-15 19:50:05: /expectations.template.html: Warning: Older file to replace Newer file
2024-08-15 19:50:05: /FAQ.html: Warning: Older file to replace Newer file
2024-08-15 19:50:05: /genealogy.html: Warning: Older file to replace Newer file
2024-08-15 19:50:05: /google_script: Warning: Older file to replace Newer file
2024-08-15 19:50:05: /index.html: Warning: Older file to replace Newer file
2024-08-15 19:50:05: /index.template.html: Warning: Older file to replace Newer file
2024-08-15 19:50:05: /jee.html: Warning: Older file to replace Newer file
2024-08-15 19:50:05: /jee.template.html: Warning: Older file to replace Newer file
2024-08-15 19:50:05: /jitter.html: Warning: Older file to replace Newer file
2024-08-15 19:50:05: /jitter.template.html: Warning: Older file to replace Newer file
2024-08-15 19:50:05: /jitter_page.html: Warning: Older file to replace Newer file
2024-08-15 19:50:05: /linkedinarticles.html: Warning: Older file to replace Newer file
2024-08-15 19:50:05: /masters.html: Warning: Older file to replace Newer file
2024-08-15 19:50:05: /masters.template.html: Warning: Older file to replace Newer file
2024-08-15 19:50:05: /media.html: Warning: Older file to replace Newer file
2024-08-15 19:50:05: /media.template.html: Warning: Older file to replace Newer file
2024-08-15 19:50:05: /members.html: Warning: Older file to replace Newer file
2024-08-15 19:50:05: /members.template.html: Warning: Older file to replace Newer file
2024-08-15 19:50:05: /model.html: Warning: Older file to replace Newer file
2024-08-15 19:50:05: /model.template.html: Warning: Older file to replace Newer file
2024-08-15 19:50:05: /openings.html: Warning: Older file to replace Newer file
2024-08-15 19:50:05: /openings.nov22.template.html: Warning: Older file to replace Newer file
2024-08-15 19:50:05: /openings.template.html: Warning: Older file to replace Newer file
2024-08-15 19:50:05: /os-videos.html: Warning: Older file to replace Newer file
2024-08-15 19:50:05: /os-videos.html~: Warning: Older file to replace Newer file
2024-08-15 19:50:05: /otm.html: Warning: Older file to replace Newer file
2024-08-15 19:50:05: /patents.html: Warning: Older file to replace Newer file
2024-08-15 19:50:05: /patents.template.html: Warning: Older file to replace Newer file
2024-08-15 19:50:05: /phd_india_us.html: Warning: Older file to replace Newer file
2024-08-15 19:50:05: /phd_india_us.template.html: Warning: Older file to replace Newer file
2024-08-15 19:50:05: /phd_investment.html: Warning: Older file to replace Newer file
2024-08-15 19:50:05: /phd_investment.template.html: Warning: Older file to replace Newer file
2024-08-15 19:50:05: /phd_true_meaning.html: Warning: Older file to replace Newer file
2024-08-15 19:50:05: /phd_true_meaning.template.html: Warning: Older file to replace Newer file
2024-08-15 19:50:05: /phdexam.template.html: Warning: Older file to replace Newer file
2024-08-15 19:50:05: /phdfaqs.html: Warning: Older file to replace Newer file
2024-08-15 19:50:05: /phdfaqs.template.html: Warning: Older file to replace Newer file
2024-08-15 19:50:05: /phdhowto.html: Warning: Older file to replace Newer file
2024-08-15 19:50:05: /phdhowto.template.html: Warning: Older file to replace Newer file
2024-08-15 19:50:05: /projects.html: Warning: Older file to replace Newer file
2024-08-15 19:50:05: /projects.template.html: Warning: Older file to replace Newer file
2024-08-15 19:50:05: /publications.html: Warning: Older file to replace Newer file
2024-08-15 19:50:05: /publications.template.html: Warning: Older file to replace Newer file
2024-08-15 19:50:05: /research.html: Warning: Older file to replace Newer file
2024-08-15 19:50:05: /research.template.html: Warning: Older file to replace Newer file
2024-08-15 19:50:05: /research_sidebar.html: Warning: Older file to replace Newer file
2024-08-15 19:50:05: /short_term_course.html: Warning: Older file to replace Newer file
2024-08-15 19:50:05: /short_term_course.template.html: Warning: Older file to replace Newer file
2024-08-15 19:50:05: /sidebar.html: Warning: Older file to replace Newer file
2024-08-15 19:50:05: /software.html: Warning: Older file to replace Newer file
2024-08-15 19:50:05: /software.template.html: Warning: Older file to replace Newer file
2024-08-15 19:50:05: /sric.html: Warning: Older file to replace Newer file
2024-08-15 19:50:05: /sric.template.html: Warning: Older file to replace Newer file
2024-08-15 19:50:05: /startups.html: Warning: Older file to replace Newer file
2024-08-15 19:50:05: /startups.template.html: Warning: Older file to replace Newer file
2024-08-15 19:50:05: /sub.pl: Warning: Older file to replace Newer file
2024-08-15 19:50:05: /subpage.html: Warning: Older file to replace Newer file
2024-08-15 19:50:05: /subpage.template.html: Warning: Older file to replace Newer file
2024-08-15 19:50:05: /summer_students.html: Warning: Older file to replace Newer file
2024-08-15 19:50:05: /summer_students.template.html: Warning: Older file to replace Newer file
2024-08-15 19:50:05: /teaching.html: Warning: Older file to replace Newer file
2024-08-15 19:50:05: /teaching.template.html: Warning: Older file to replace Newer file
2024-08-15 19:50:05: /test.html: Warning: Older file to replace Newer file
2024-08-15 19:50:05: /videocourses.html: Warning: Older file to replace Newer file
2024-08-15 19:50:05: /videocourses.html~: Warning: Older file to replace Newer file
2024-08-15 19:50:05: /videocourses.template.html: Warning: Older file to replace Newer file
2024-08-15 19:50:05: /why_do_phd.html: Warning: Older file to replace Newer file
2024-08-15 19:50:05: /why_do_phd.template.html: Warning: Older file to replace Newer file
2024-08-15 19:50:05: /workshops.html: Warning: Older file to replace Newer file
2024-08-15 19:50:05: /workshops.template.html: Warning: Older file to replace Newer file
2024-08-15 19:50:05: /worldclassphd.template.html: Warning: Older file to replace Newer file
2024-08-15 19:50:05: Changes: 803, Conflicts: 0, CopyTime: 0, FixState: 1,932, Errors: 0, All: 2743
2024-08-15 19:50:05: Left to Right: Copy File: 733 Delete File: 70 
2024-08-15 19:50:05: -- Analysis Complete. Time 00:00:00, Speed: Many files/s
